参数：min_count=20, token_length=4,min_proba={2:5,3:25,4:125}
训练模式：测试集分词的时候再append，再训练一次算法（训练集分词时用到的是训练集和测试集两个样本）

切词之后再次Glove训练词向量
1. train_05_data中运行sentence_split，得到test_data.json,train_data.json,和words_origin.txt\emoji_origin.txt
2. words_origin.txt\emoji_origin.txt放入glove中，demo.sh,得到glove.emojis.300.vectors.txt、glove.words.300.vectors.txt
3. 得到的glove.emojis.300.vectors.txt、glove.words.300.vectors.txt放入.vector_cache中

以上为预处理，之后再Python train.py

nohup: ignoring input

  0%|          | 0/10170 [00:00<?, ?it/s]
  3%|▎         | 354/10170 [00:00<00:02, 3536.89it/s]
  8%|▊         | 842/10170 [00:00<00:02, 3854.33it/s]
 17%|█▋        | 1759/10170 [00:00<00:01, 4665.36it/s]
 26%|██▋       | 2687/10170 [00:00<00:01, 5483.04it/s]
 36%|███▌      | 3624/10170 [00:00<00:01, 6261.37it/s]
 45%|████▌     | 4582/10170 [00:00<00:00, 6986.85it/s]
 54%|█████▍    | 5525/10170 [00:00<00:00, 7574.46it/s]
 64%|██████▍   | 6486/10170 [00:00<00:00, 8087.38it/s]
 73%|███████▎  | 7472/10170 [00:00<00:00, 8548.21it/s]
 83%|████████▎ | 8478/10170 [00:01<00:00, 8950.04it/s]
 93%|█████████▎| 9437/10170 [00:01<00:00, 9131.77it/s]

  0%|          | 0/153 [00:00<?, ?it/s]
开始训练
	----存储模型-------
Epoch: 01 | Epoch Time: 32m 27s
	Train Loss: 1.194 | Train Acc: 65.23%
	 Val. Loss: 1.104 |  Val. Acc: 66.09%
开始训练
	----存储模型-------
Epoch: 02 | Epoch Time: 32m 33s
	Train Loss: 1.065 | Train Acc: 66.67%
	 Val. Loss: 1.070 |  Val. Acc: 67.21%
开始训练
Epoch: 03 | Epoch Time: 32m 36s
	Train Loss: 0.974 | Train Acc: 68.13%
	 Val. Loss: 1.115 |  Val. Acc: 66.85%
开始训练
Epoch: 04 | Epoch Time: 33m 0s
	Train Loss: 0.910 | Train Acc: 69.54%
	 Val. Loss: 1.219 |  Val. Acc: 65.98%
开始训练
Epoch: 05 | Epoch Time: 32m 10s
	Train Loss: 0.873 | Train Acc: 70.68%
	 Val. Loss: 1.097 |  Val. Acc: 66.38%
开始训练
Epoch: 06 | Epoch Time: 32m 20s
	Train Loss: 0.850 | Train Acc: 71.48%
	 Val. Loss: 1.178 |  Val. Acc: 65.04%
开始训练
Epoch: 07 | Epoch Time: 32m 59s
	Train Loss: 0.836 | Train Acc: 71.85%
	 Val. Loss: 1.156 |  Val. Acc: 65.66%
开始训练
Epoch: 08 | Epoch Time: 33m 0s
	Train Loss: 0.834 | Train Acc: 72.14%
	 Val. Loss: 1.167 |  Val. Acc: 64.58%
开始训练
Epoch: 09 | Epoch Time: 33m 1s
	Train Loss: 0.827 | Train Acc: 72.20%
	 Val. Loss: 1.176 |  Val. Acc: 65.62%
开始训练
Epoch: 10 | Epoch Time: 32m 35s
	Train Loss: 0.828 | Train Acc: 72.27%
	 Val. Loss: 1.138 |  Val. Acc: 65.49%
开始训练
Epoch: 11 | Epoch Time: 32m 24s
	Train Loss: 0.821 | Train Acc: 72.77%
	 Val. Loss: 1.169 |  Val. Acc: 63.55%
开始训练
Epoch: 12 | Epoch Time: 32m 54s
	Train Loss: 0.817 | Train Acc: 72.77%
	 Val. Loss: 1.261 |  Val. Acc: 64.93%
开始训练
Epoch: 13 | Epoch Time: 32m 59s
	Train Loss: 0.809 | Train Acc: 72.93%
	 Val. Loss: 1.224 |  Val. Acc: 63.53%
开始训练
Epoch: 14 | Epoch Time: 32m 26s
	Train Loss: 0.808 | Train Acc: 73.20%
	 Val. Loss: 1.168 |  Val. Acc: 64.85%
开始训练
Epoch: 15 | Epoch Time: 33m 5s
	Train Loss: 0.795 | Train Acc: 73.41%
	 Val. Loss: 1.260 |  Val. Acc: 63.80%
开始训练
Epoch: 16 | Epoch Time: 32m 36s
	Train Loss: 0.794 | Train Acc: 73.49%
	 Val. Loss: 1.306 |  Val. Acc: 64.11%
开始训练
Epoch: 17 | Epoch Time: 32m 47s
	Train Loss: 0.794 | Train Acc: 73.60%
	 Val. Loss: 1.247 |  Val. Acc: 64.57%
开始训练
Epoch: 18 | Epoch Time: 32m 34s
	Train Loss: 0.793 | Train Acc: 73.85%
	 Val. Loss: 1.431 |  Val. Acc: 64.51%
开始训练
Epoch: 19 | Epoch Time: 32m 47s
	Train Loss: 0.795 | Train Acc: 73.74%
	 Val. Loss: 1.333 |  Val. Acc: 64.77%
开始训练
Epoch: 20 | Epoch Time: 32m 47s
	Train Loss: 0.798 | Train Acc: 73.40%
	 Val. Loss: 1.288 |  Val. Acc: 64.35%
训练完成
开始测试-----加载模型
	-----testing-------
	Test Loss: 1.005 | Test Acc: 67.69%
