nohup: ignoring input
model_all.pt
开始训练
Epoch: 01 | Epoch Time: 33m 22s
	Train Loss: 1.144 | Train Acc: 65.50%
	 Val. Loss: 1.066 |  Val. Acc: 66.67%
开始训练
Epoch: 02 | Epoch Time: 32m 13s
	Train Loss: 0.867 | Train Acc: 70.71%
	 Val. Loss: 1.130 |  Val. Acc: 65.24%
开始训练
Epoch: 03 | Epoch Time: 33m 1s
	Train Loss: 0.668 | Train Acc: 76.19%
	 Val. Loss: 1.367 |  Val. Acc: 59.72%
开始训练
Epoch: 04 | Epoch Time: 32m 51s
	Train Loss: 0.538 | Train Acc: 80.36%
	 Val. Loss: 1.552 |  Val. Acc: 58.66%
开始训练
Epoch: 05 | Epoch Time: 33m 27s
	Train Loss: 0.441 | Train Acc: 84.34%
	 Val. Loss: 1.846 |  Val. Acc: 51.67%
开始训练
Epoch: 06 | Epoch Time: 32m 57s
	Train Loss: 0.365 | Train Acc: 87.06%
	 Val. Loss: 1.903 |  Val. Acc: 52.58%
开始训练
Epoch: 07 | Epoch Time: 32m 43s
	Train Loss: 0.308 | Train Acc: 89.27%
	 Val. Loss: 2.182 |  Val. Acc: 51.90%
开始训练
Epoch: 08 | Epoch Time: 24m 4s
	Train Loss: 0.264 | Train Acc: 90.90%
	 Val. Loss: 2.210 |  Val. Acc: 49.70%
开始训练
Epoch: 09 | Epoch Time: 17m 15s
	Train Loss: 0.232 | Train Acc: 91.97%
	 Val. Loss: 2.050 |  Val. Acc: 52.86%
开始训练
Epoch: 10 | Epoch Time: 15m 47s
	Train Loss: 0.202 | Train Acc: 92.89%
	 Val. Loss: 2.116 |  Val. Acc: 55.07%
开始训练
Epoch: 11 | Epoch Time: 15m 23s
	Train Loss: 0.182 | Train Acc: 93.57%
	 Val. Loss: 2.236 |  Val. Acc: 50.97%
开始训练
Epoch: 12 | Epoch Time: 15m 48s
	Train Loss: 0.169 | Train Acc: 94.23%
	 Val. Loss: 2.288 |  Val. Acc: 54.87%
开始训练
Epoch: 13 | Epoch Time: 15m 28s
	Train Loss: 0.147 | Train Acc: 94.70%
	 Val. Loss: 2.684 |  Val. Acc: 50.68%
开始训练
Epoch: 14 | Epoch Time: 15m 51s
	Train Loss: 0.134 | Train Acc: 95.22%
	 Val. Loss: 2.590 |  Val. Acc: 53.27%
开始训练
Epoch: 15 | Epoch Time: 15m 39s
	Train Loss: 0.125 | Train Acc: 95.60%
	 Val. Loss: 2.522 |  Val. Acc: 53.56%
开始训练
Epoch: 16 | Epoch Time: 15m 54s
	Train Loss: 0.116 | Train Acc: 95.99%
	 Val. Loss: 2.936 |  Val. Acc: 54.54%
开始训练
Epoch: 17 | Epoch Time: 15m 27s
	Train Loss: 0.108 | Train Acc: 96.07%
	 Val. Loss: 2.654 |  Val. Acc: 52.47%
开始训练
Epoch: 18 | Epoch Time: 15m 20s
	Train Loss: 0.105 | Train Acc: 96.16%
	 Val. Loss: 2.732 |  Val. Acc: 51.93%
开始训练
Epoch: 19 | Epoch Time: 11m 29s
	Train Loss: 0.099 | Train Acc: 96.52%
	 Val. Loss: 3.141 |  Val. Acc: 55.07%
开始训练
	----存储模型-------
Epoch: 20 | Epoch Time: 10m 42s
	Train Loss: 0.093 | Train Acc: 96.54%
	 Val. Loss: 3.259 |  Val. Acc: 52.11%
训练完成
开始测试-----加载模型
	-----testing-------
	Test Loss: 1.025 | Test Acc: 83.82%
