nohup: ignoring input
model_emojiHasSplit.pt
开始训练
Epoch: 01 | Epoch Time: 0m 3s
	Train Loss: 1.771 | Train Acc: 37.01%
	 Val. Loss: 1.656 |  Val. Acc: 44.44%
开始训练
Epoch: 02 | Epoch Time: 0m 4s
	Train Loss: 1.589 | Train Acc: 36.22%
	 Val. Loss: 1.650 |  Val. Acc: 44.44%
开始训练
Epoch: 03 | Epoch Time: 0m 4s
	Train Loss: 1.438 | Train Acc: 40.16%
	 Val. Loss: 1.791 |  Val. Acc: 37.04%
开始训练
Epoch: 04 | Epoch Time: 0m 7s
	Train Loss: 1.336 | Train Acc: 46.46%
	 Val. Loss: 2.194 |  Val. Acc: 22.22%
开始训练
Epoch: 05 | Epoch Time: 0m 7s
	Train Loss: 1.140 | Train Acc: 55.91%
	 Val. Loss: 2.304 |  Val. Acc: 25.93%
开始训练
Epoch: 06 | Epoch Time: 0m 7s
	Train Loss: 0.987 | Train Acc: 61.42%
	 Val. Loss: 2.361 |  Val. Acc: 29.63%
开始训练
Epoch: 07 | Epoch Time: 0m 7s
	Train Loss: 0.921 | Train Acc: 62.99%
	 Val. Loss: 2.552 |  Val. Acc: 24.07%
开始训练
Epoch: 08 | Epoch Time: 0m 7s
	Train Loss: 0.942 | Train Acc: 61.42%
	 Val. Loss: 2.527 |  Val. Acc: 20.37%
开始训练
Epoch: 09 | Epoch Time: 0m 7s
	Train Loss: 0.946 | Train Acc: 62.99%
	 Val. Loss: 2.668 |  Val. Acc: 22.22%
开始训练
Epoch: 10 | Epoch Time: 0m 6s
	Train Loss: 0.814 | Train Acc: 63.78%
	 Val. Loss: 3.118 |  Val. Acc: 11.11%
开始训练
Epoch: 11 | Epoch Time: 0m 7s
	Train Loss: 0.670 | Train Acc: 69.29%
	 Val. Loss: 3.058 |  Val. Acc: 16.67%
开始训练
Epoch: 12 | Epoch Time: 0m 9s
	Train Loss: 0.576 | Train Acc: 76.38%
	 Val. Loss: 3.469 |  Val. Acc: 14.81%
开始训练
Epoch: 13 | Epoch Time: 0m 9s
	Train Loss: 0.532 | Train Acc: 79.53%
	 Val. Loss: 3.251 |  Val. Acc: 16.67%
开始训练
Epoch: 14 | Epoch Time: 0m 10s
	Train Loss: 0.567 | Train Acc: 76.38%
	 Val. Loss: 3.839 |  Val. Acc: 14.81%
开始训练
Epoch: 15 | Epoch Time: 0m 9s
	Train Loss: 0.416 | Train Acc: 83.46%
	 Val. Loss: 3.939 |  Val. Acc: 18.52%
开始训练
Epoch: 16 | Epoch Time: 0m 9s
	Train Loss: 0.384 | Train Acc: 84.25%
	 Val. Loss: 4.190 |  Val. Acc: 16.67%
开始训练
Epoch: 17 | Epoch Time: 0m 10s
	Train Loss: 0.320 | Train Acc: 88.19%
	 Val. Loss: 4.481 |  Val. Acc: 14.81%
开始训练
Epoch: 18 | Epoch Time: 0m 9s
	Train Loss: 0.287 | Train Acc: 89.76%
	 Val. Loss: 3.995 |  Val. Acc: 22.22%
开始训练
Epoch: 19 | Epoch Time: 0m 9s
	Train Loss: 0.352 | Train Acc: 88.98%
	 Val. Loss: 3.834 |  Val. Acc: 27.78%
开始训练
	----存储模型-------
Epoch: 20 | Epoch Time: 0m 12s
	Train Loss: 0.257 | Train Acc: 92.13%
	 Val. Loss: 4.920 |  Val. Acc: 16.67%
训练完成
开始测试-----加载模型
	-----testing-------
	Test Loss: 1.578 | Test Acc: 72.93%
