nohup: ignoring input
开始训练
	----存储模型-------
Epoch: 01 | Epoch Time: 32m 7s
	Train Loss: 1.149 | Train Acc: 65.51%
	 Val. Loss: 1.100 |  Val. Acc: 66.56%
开始训练
Epoch: 02 | Epoch Time: 32m 2s
	Train Loss: 0.890 | Train Acc: 69.64%
	 Val. Loss: 1.320 |  Val. Acc: 57.68%
开始训练
Epoch: 03 | Epoch Time: 31m 39s
	Train Loss: 0.779 | Train Acc: 72.79%
	 Val. Loss: 1.390 |  Val. Acc: 63.12%
开始训练
Epoch: 04 | Epoch Time: 31m 41s
	Train Loss: 0.691 | Train Acc: 75.29%
	 Val. Loss: 1.446 |  Val. Acc: 62.93%
开始训练
Epoch: 05 | Epoch Time: 31m 51s
	Train Loss: 0.641 | Train Acc: 77.15%
	 Val. Loss: 1.509 |  Val. Acc: 57.10%
开始训练
Epoch: 06 | Epoch Time: 31m 55s
	Train Loss: 0.596 | Train Acc: 79.08%
	 Val. Loss: 1.521 |  Val. Acc: 59.87%
开始训练
Epoch: 07 | Epoch Time: 31m 38s
	Train Loss: 0.574 | Train Acc: 80.08%
	 Val. Loss: 1.664 |  Val. Acc: 61.68%
开始训练
Epoch: 08 | Epoch Time: 31m 38s
	Train Loss: 0.543 | Train Acc: 81.23%
	 Val. Loss: 1.506 |  Val. Acc: 62.04%
开始训练
Epoch: 09 | Epoch Time: 31m 41s
	Train Loss: 0.522 | Train Acc: 82.20%
	 Val. Loss: 1.571 |  Val. Acc: 61.07%
开始训练
Epoch: 10 | Epoch Time: 32m 1s
	Train Loss: 0.495 | Train Acc: 82.92%
	 Val. Loss: 2.483 |  Val. Acc: 60.05%
开始训练
Epoch: 11 | Epoch Time: 31m 52s
	Train Loss: 0.481 | Train Acc: 83.71%
	 Val. Loss: 1.933 |  Val. Acc: 61.01%
开始训练
Epoch: 12 | Epoch Time: 31m 42s
	Train Loss: 0.478 | Train Acc: 83.78%
	 Val. Loss: 1.911 |  Val. Acc: 63.14%
开始训练
Epoch: 13 | Epoch Time: 31m 17s
	Train Loss: 0.465 | Train Acc: 84.34%
	 Val. Loss: 1.597 |  Val. Acc: 62.01%
开始训练
Epoch: 14 | Epoch Time: 32m 7s
	Train Loss: 0.452 | Train Acc: 84.71%
	 Val. Loss: 1.872 |  Val. Acc: 63.17%
开始训练
Epoch: 15 | Epoch Time: 50m 57s
	Train Loss: 0.439 | Train Acc: 85.11%
	 Val. Loss: 2.603 |  Val. Acc: 63.82%
开始训练
Epoch: 16 | Epoch Time: 56m 37s
	Train Loss: 0.428 | Train Acc: 85.39%
	 Val. Loss: 2.017 |  Val. Acc: 57.81%
开始训练
Epoch: 17 | Epoch Time: 57m 7s
	Train Loss: 0.423 | Train Acc: 85.65%
	 Val. Loss: 2.873 |  Val. Acc: 62.11%
开始训练
Epoch: 18 | Epoch Time: 56m 58s
	Train Loss: 0.413 | Train Acc: 86.12%
	 Val. Loss: 2.999 |  Val. Acc: 63.33%
开始训练
Epoch: 19 | Epoch Time: 57m 15s
	Train Loss: 0.412 | Train Acc: 86.02%
	 Val. Loss: 2.898 |  Val. Acc: 63.20%
开始训练
Epoch: 20 | Epoch Time: 57m 45s
	Train Loss: 0.404 | Train Acc: 86.43%
	 Val. Loss: 2.844 |  Val. Acc: 64.16%
训练完成
开始测试-----加载模型
	-----testing-------
	Test Loss: 1.041 | Test Acc: 66.95%
