nohup: ignoring input
开始训练
Epoch: 01 | Epoch Time: 32m 54s
	Train Loss: 1.155 | Train Acc: 65.44%
	 Val. Loss: 1.077 |  Val. Acc: 66.81%
开始训练
Epoch: 02 | Epoch Time: 31m 31s
	Train Loss: 0.886 | Train Acc: 69.87%
	 Val. Loss: 1.168 |  Val. Acc: 63.61%
开始训练
Epoch: 03 | Epoch Time: 39m 41s
	Train Loss: 0.745 | Train Acc: 73.90%
	 Val. Loss: 1.549 |  Val. Acc: 54.71%
开始训练
Epoch: 04 | Epoch Time: 45m 26s
	Train Loss: 0.658 | Train Acc: 76.62%
	 Val. Loss: 1.471 |  Val. Acc: 65.23%
开始训练
Epoch: 05 | Epoch Time: 33m 28s
	Train Loss: 0.611 | Train Acc: 78.49%
	 Val. Loss: 1.390 |  Val. Acc: 64.46%
开始训练
Epoch: 06 | Epoch Time: 29m 5s
	Train Loss: 0.573 | Train Acc: 80.09%
	 Val. Loss: 1.513 |  Val. Acc: 63.75%
开始训练
Epoch: 07 | Epoch Time: 29m 13s
	Train Loss: 0.541 | Train Acc: 81.52%
	 Val. Loss: 1.616 |  Val. Acc: 63.67%
开始训练
Epoch: 08 | Epoch Time: 29m 17s
	Train Loss: 0.514 | Train Acc: 82.31%
	 Val. Loss: 1.992 |  Val. Acc: 63.83%
开始训练
Epoch: 09 | Epoch Time: 29m 22s
	Train Loss: 0.497 | Train Acc: 83.02%
	 Val. Loss: 1.666 |  Val. Acc: 65.21%
开始训练
Epoch: 10 | Epoch Time: 29m 36s
	Train Loss: 0.474 | Train Acc: 84.02%
	 Val. Loss: 1.640 |  Val. Acc: 64.33%
开始训练
Epoch: 11 | Epoch Time: 29m 2s
	Train Loss: 0.458 | Train Acc: 84.26%
	 Val. Loss: 2.716 |  Val. Acc: 64.11%
开始训练
Epoch: 12 | Epoch Time: 29m 5s
	Train Loss: 0.444 | Train Acc: 84.92%
	 Val. Loss: 2.167 |  Val. Acc: 63.81%
开始训练
Epoch: 13 | Epoch Time: 29m 20s
	Train Loss: 0.431 | Train Acc: 85.37%
	 Val. Loss: 2.824 |  Val. Acc: 63.50%
开始训练
Epoch: 14 | Epoch Time: 29m 43s
	Train Loss: 0.416 | Train Acc: 85.92%
	 Val. Loss: 3.121 |  Val. Acc: 63.99%
开始训练
Epoch: 15 | Epoch Time: 29m 23s
	Train Loss: 0.413 | Train Acc: 86.00%
	 Val. Loss: 2.861 |  Val. Acc: 63.82%
开始训练
Epoch: 16 | Epoch Time: 28m 59s
	Train Loss: 0.407 | Train Acc: 86.27%
	 Val. Loss: 3.086 |  Val. Acc: 64.66%
开始训练
Epoch: 17 | Epoch Time: 29m 24s
	Train Loss: 0.415 | Train Acc: 85.98%
	 Val. Loss: 4.062 |  Val. Acc: 64.76%
开始训练
Epoch: 18 | Epoch Time: 29m 10s
	Train Loss: 0.401 | Train Acc: 86.39%
	 Val. Loss: 4.317 |  Val. Acc: 64.69%
开始训练
Epoch: 19 | Epoch Time: 29m 29s
	Train Loss: 0.402 | Train Acc: 86.48%
	 Val. Loss: 4.102 |  Val. Acc: 64.55%
开始训练
	----存储模型-------
Epoch: 20 | Epoch Time: 29m 30s
	Train Loss: 0.394 | Train Acc: 86.77%
	 Val. Loss: 3.721 |  Val. Acc: 64.51%
训练完成
开始测试-----加载模型
	-----testing-------
	Test Loss: 1.369 | Test Acc: 80.57%
