第 0 轮训练
开始训练
	----存储模型-------
Epoch: 01 | Epoch Time: 29m 47s
	Train Loss: 1.153 | Train Acc: 65.52%
	 Val. Loss: 1.089 |  Val. Acc: 66.56%
第 1 轮训练
开始训练
Epoch: 02 | Epoch Time: 29m 7s
	Train Loss: 0.912 | Train Acc: 69.01%
	 Val. Loss: 1.266 |  Val. Acc: 65.18%
第 2 轮训练
开始训练
Epoch: 03 | Epoch Time: 29m 51s
	Train Loss: 0.764 | Train Acc: 72.80%
	 Val. Loss: 1.438 |  Val. Acc: 65.46%
第 3 轮训练
开始训练
Epoch: 04 | Epoch Time: 29m 13s
	Train Loss: 0.681 | Train Acc: 75.89%
	 Val. Loss: 1.737 |  Val. Acc: 65.26%
第 4 轮训练
开始训练
Epoch: 05 | Epoch Time: 29m 32s
	Train Loss: 0.626 | Train Acc: 77.67%
	 Val. Loss: 1.693 |  Val. Acc: 64.66%
第 5 轮训练
开始训练
Epoch: 06 | Epoch Time: 29m 26s
	Train Loss: 0.589 | Train Acc: 78.91%
	 Val. Loss: 2.008 |  Val. Acc: 63.69%
第 6 轮训练
开始训练
Epoch: 07 | Epoch Time: 29m 42s
	Train Loss: 0.567 | Train Acc: 80.13%
	 Val. Loss: 2.317 |  Val. Acc: 62.91%
第 7 轮训练
开始训练
Epoch: 08 | Epoch Time: 29m 35s
	Train Loss: 0.537 | Train Acc: 81.39%
	 Val. Loss: 1.954 |  Val. Acc: 65.04%
第 8 轮训练
开始训练
Epoch: 09 | Epoch Time: 29m 54s
	Train Loss: 0.509 | Train Acc: 82.56%
	 Val. Loss: 1.638 |  Val. Acc: 64.09%
第 9 轮训练
开始训练
Epoch: 10 | Epoch Time: 29m 45s
	Train Loss: 0.490 | Train Acc: 83.12%
	 Val. Loss: 2.717 |  Val. Acc: 64.99%
第 10 轮训练
开始训练
Epoch: 11 | Epoch Time: 29m 25s
	Train Loss: 0.478 | Train Acc: 83.91%
	 Val. Loss: 2.008 |  Val. Acc: 64.22%
第 11 轮训练
开始训练
Epoch: 12 | Epoch Time: 29m 42s
	Train Loss: 0.459 | Train Acc: 84.45%
	 Val. Loss: 2.330 |  Val. Acc: 61.60%
第 12 轮训练
开始训练
Epoch: 13 | Epoch Time: 29m 37s
	Train Loss: 0.456 | Train Acc: 84.54%
	 Val. Loss: 2.164 |  Val. Acc: 64.63%
第 13 轮训练
开始训练
Epoch: 14 | Epoch Time: 29m 43s
	Train Loss: 0.436 | Train Acc: 85.31%
	 Val. Loss: 4.227 |  Val. Acc: 64.16%
第 14 轮训练
开始训练
Epoch: 15 | Epoch Time: 29m 30s
	Train Loss: 0.420 | Train Acc: 85.59%
	 Val. Loss: 3.093 |  Val. Acc: 63.15%
第 15 轮训练
开始训练
Epoch: 16 | Epoch Time: 29m 23s
	Train Loss: 0.408 | Train Acc: 86.08%
	 Val. Loss: 3.798 |  Val. Acc: 63.00%
第 16 轮训练
开始训练
Epoch: 17 | Epoch Time: 29m 40s
	Train Loss: 0.399 | Train Acc: 86.57%
	 Val. Loss: 2.712 |  Val. Acc: 62.87%
第 17 轮训练
开始训练
Epoch: 18 | Epoch Time: 29m 14s
	Train Loss: 0.396 | Train Acc: 86.70%
	 Val. Loss: 2.907 |  Val. Acc: 62.85%
第 18 轮训练
开始训练
Epoch: 19 | Epoch Time: 29m 31s
	Train Loss: 0.386 | Train Acc: 87.05%
	 Val. Loss: 3.462 |  Val. Acc: 64.10%
第 19 轮训练
开始训练
Epoch: 20 | Epoch Time: 29m 45s
	Train Loss: 0.385 | Train Acc: 87.23%
	 Val. Loss: 2.926 |  Val. Acc: 63.45%
训练完成，结果在result.txt
开始测试-----加载模型
	-----testing-------
	Test Loss: 1.033 | Test Acc: 66.61%
