nohup: ignoring input
开始训练
	----存储模型-------
Epoch: 01 | Epoch Time: 31m 22s
	Train Loss: 1.119 | Train Acc: 65.99%
	 Val. Loss: 1.031 |  Val. Acc: 67.15%
开始训练
Epoch: 02 | Epoch Time: 27m 6s
	Train Loss: 0.859 | Train Acc: 71.32%
	 Val. Loss: 1.127 |  Val. Acc: 64.66%
开始训练
Epoch: 03 | Epoch Time: 27m 3s
	Train Loss: 0.700 | Train Acc: 75.74%
	 Val. Loss: 1.354 |  Val. Acc: 59.44%
开始训练
Epoch: 04 | Epoch Time: 26m 19s
	Train Loss: 0.602 | Train Acc: 79.05%
	 Val. Loss: 1.455 |  Val. Acc: 56.12%
开始训练
Epoch: 05 | Epoch Time: 26m 45s
	Train Loss: 0.534 | Train Acc: 81.65%
	 Val. Loss: 1.790 |  Val. Acc: 48.64%
开始训练
Epoch: 06 | Epoch Time: 26m 35s
	Train Loss: 0.475 | Train Acc: 83.79%
	 Val. Loss: 1.938 |  Val. Acc: 47.77%
开始训练
Epoch: 07 | Epoch Time: 26m 20s
	Train Loss: 0.435 | Train Acc: 85.18%
	 Val. Loss: 2.007 |  Val. Acc: 46.36%
开始训练
Epoch: 08 | Epoch Time: 26m 51s
	Train Loss: 0.406 | Train Acc: 86.29%
	 Val. Loss: 1.930 |  Val. Acc: 47.87%
开始训练
Epoch: 09 | Epoch Time: 26m 42s
	Train Loss: 0.387 | Train Acc: 86.86%
	 Val. Loss: 2.690 |  Val. Acc: 40.94%
开始训练
Epoch: 10 | Epoch Time: 27m 8s
	Train Loss: 0.372 | Train Acc: 87.47%
	 Val. Loss: 2.020 |  Val. Acc: 45.92%
开始训练
Epoch: 11 | Epoch Time: 26m 47s
	Train Loss: 0.362 | Train Acc: 87.81%
	 Val. Loss: 2.548 |  Val. Acc: 43.89%
开始训练
Epoch: 12 | Epoch Time: 26m 58s
	Train Loss: 0.360 | Train Acc: 87.76%
	 Val. Loss: 2.305 |  Val. Acc: 44.29%
开始训练
Epoch: 13 | Epoch Time: 26m 54s
	Train Loss: 0.349 | Train Acc: 88.22%
	 Val. Loss: 2.471 |  Val. Acc: 60.53%
开始训练
Epoch: 14 | Epoch Time: 26m 57s
	Train Loss: 0.341 | Train Acc: 88.38%
	 Val. Loss: 2.428 |  Val. Acc: 45.03%
开始训练
Epoch: 15 | Epoch Time: 26m 48s
	Train Loss: 0.346 | Train Acc: 88.30%
	 Val. Loss: 2.403 |  Val. Acc: 43.45%
开始训练
Epoch: 16 | Epoch Time: 26m 51s
	Train Loss: 0.337 | Train Acc: 88.61%
	 Val. Loss: 2.502 |  Val. Acc: 42.07%
开始训练
Epoch: 17 | Epoch Time: 26m 30s
	Train Loss: 0.341 | Train Acc: 88.45%
	 Val. Loss: 2.038 |  Val. Acc: 52.29%
开始训练
Epoch: 18 | Epoch Time: 28m 33s
	Train Loss: 0.341 | Train Acc: 88.49%
	 Val. Loss: 1.824 |  Val. Acc: 55.48%
开始训练
Epoch: 19 | Epoch Time: 28m 51s
	Train Loss: 0.345 | Train Acc: 88.27%
	 Val. Loss: 2.620 |  Val. Acc: 48.25%
开始训练
Epoch: 20 | Epoch Time: 28m 46s
	Train Loss: 0.340 | Train Acc: 88.74%
	 Val. Loss: 2.100 |  Val. Acc: 51.19%
训练完成
开始测试-----加载模型
	-----testing-------
	Test Loss: 0.976 | Test Acc: 67.23%
