nohup: ignoring input
model_hasSplit.pt
开始训练
Epoch: 01 | Epoch Time: 38m 46s
	Train Loss: 1.104 | Train Acc: 66.94%
	 Val. Loss: 1.051 |  Val. Acc: 68.05%
开始训练
Epoch: 02 | Epoch Time: 38m 3s
	Train Loss: 0.804 | Train Acc: 73.11%
	 Val. Loss: 1.136 |  Val. Acc: 66.36%
开始训练
Epoch: 03 | Epoch Time: 37m 50s
	Train Loss: 0.648 | Train Acc: 77.87%
	 Val. Loss: 1.232 |  Val. Acc: 63.81%
开始训练
Epoch: 04 | Epoch Time: 37m 7s
	Train Loss: 0.559 | Train Acc: 80.61%
	 Val. Loss: 1.406 |  Val. Acc: 61.15%
开始训练
Epoch: 05 | Epoch Time: 38m 15s
	Train Loss: 0.495 | Train Acc: 83.02%
	 Val. Loss: 1.747 |  Val. Acc: 62.91%
开始训练
Epoch: 06 | Epoch Time: 37m 46s
	Train Loss: 0.444 | Train Acc: 85.25%
	 Val. Loss: 1.839 |  Val. Acc: 63.23%
开始训练
Epoch: 07 | Epoch Time: 32m 17s
	Train Loss: 0.396 | Train Acc: 86.70%
	 Val. Loss: 2.099 |  Val. Acc: 64.80%
开始训练
Epoch: 08 | Epoch Time: 29m 27s
	Train Loss: 0.366 | Train Acc: 87.90%
	 Val. Loss: 1.869 |  Val. Acc: 63.65%
开始训练
Epoch: 09 | Epoch Time: 28m 19s
	Train Loss: 0.345 | Train Acc: 88.62%
	 Val. Loss: 1.891 |  Val. Acc: 62.98%
开始训练
Epoch: 10 | Epoch Time: 28m 54s
	Train Loss: 0.330 | Train Acc: 89.11%
	 Val. Loss: 2.258 |  Val. Acc: 62.69%
开始训练
Epoch: 11 | Epoch Time: 29m 4s
	Train Loss: 0.315 | Train Acc: 89.65%
	 Val. Loss: 2.787 |  Val. Acc: 62.62%
开始训练
Epoch: 12 | Epoch Time: 28m 32s
	Train Loss: 0.307 | Train Acc: 89.91%
	 Val. Loss: 3.021 |  Val. Acc: 64.98%
开始训练
Epoch: 13 | Epoch Time: 26m 20s
	Train Loss: 0.294 | Train Acc: 90.42%
	 Val. Loss: 2.482 |  Val. Acc: 61.97%
开始训练
Epoch: 14 | Epoch Time: 22m 52s
	Train Loss: 0.287 | Train Acc: 90.62%
	 Val. Loss: 2.483 |  Val. Acc: 53.82%
开始训练
Epoch: 15 | Epoch Time: 22m 50s
	Train Loss: 0.284 | Train Acc: 90.54%
	 Val. Loss: 2.484 |  Val. Acc: 51.44%
开始训练
Epoch: 16 | Epoch Time: 22m 51s
	Train Loss: 0.284 | Train Acc: 90.92%
	 Val. Loss: 2.072 |  Val. Acc: 58.01%
开始训练
Epoch: 17 | Epoch Time: 22m 39s
	Train Loss: 0.290 | Train Acc: 90.75%
	 Val. Loss: 2.488 |  Val. Acc: 58.75%
开始训练
Epoch: 18 | Epoch Time: 22m 50s
	Train Loss: 0.278 | Train Acc: 91.06%
	 Val. Loss: 2.339 |  Val. Acc: 61.79%
开始训练
Epoch: 19 | Epoch Time: 22m 31s
	Train Loss: 0.280 | Train Acc: 90.89%
	 Val. Loss: 2.539 |  Val. Acc: 63.92%
开始训练
	----存储模型-------
Epoch: 20 | Epoch Time: 22m 30s
	Train Loss: 0.273 | Train Acc: 91.22%
	 Val. Loss: 3.376 |  Val. Acc: 63.26%
训练完成
开始测试-----加载模型
	-----testing-------
	Test Loss: 1.218 | Test Acc: 82.31%
