nohup: ignoring input
model_all.pt
开始训练
Epoch: 01 | Epoch Time: 45m 53s
	Train Loss: 1.111 | Train Acc: 66.20%
	 Val. Loss: 1.032 |  Val. Acc: 67.49%
开始训练
Epoch: 02 | Epoch Time: 43m 52s
	Train Loss: 0.820 | Train Acc: 72.27%
	 Val. Loss: 1.186 |  Val. Acc: 66.01%
开始训练
Epoch: 03 | Epoch Time: 44m 8s
	Train Loss: 0.681 | Train Acc: 76.37%
	 Val. Loss: 1.380 |  Val. Acc: 65.33%
开始训练
Epoch: 04 | Epoch Time: 44m 21s
	Train Loss: 0.597 | Train Acc: 79.00%
	 Val. Loss: 1.687 |  Val. Acc: 65.80%
开始训练
Epoch: 05 | Epoch Time: 43m 46s
	Train Loss: 0.528 | Train Acc: 81.67%
	 Val. Loss: 1.335 |  Val. Acc: 61.69%
开始训练
Epoch: 06 | Epoch Time: 38m 23s
	Train Loss: 0.473 | Train Acc: 83.70%
	 Val. Loss: 1.833 |  Val. Acc: 64.44%
开始训练
Epoch: 07 | Epoch Time: 33m 49s
	Train Loss: 0.442 | Train Acc: 84.80%
	 Val. Loss: 1.916 |  Val. Acc: 64.94%
开始训练
Epoch: 08 | Epoch Time: 33m 14s
	Train Loss: 0.409 | Train Acc: 86.16%
	 Val. Loss: 1.497 |  Val. Acc: 63.55%
开始训练
Epoch: 09 | Epoch Time: 33m 21s
	Train Loss: 0.381 | Train Acc: 86.85%
	 Val. Loss: 1.633 |  Val. Acc: 62.49%
开始训练
Epoch: 10 | Epoch Time: 34m 2s
	Train Loss: 0.362 | Train Acc: 87.55%
	 Val. Loss: 1.736 |  Val. Acc: 63.09%
开始训练
Epoch: 11 | Epoch Time: 31m 8s
	Train Loss: 0.349 | Train Acc: 88.11%
	 Val. Loss: 1.839 |  Val. Acc: 62.92%
开始训练
Epoch: 12 | Epoch Time: 26m 54s
	Train Loss: 0.344 | Train Acc: 88.22%
	 Val. Loss: 1.883 |  Val. Acc: 57.46%
开始训练
Epoch: 13 | Epoch Time: 26m 44s
	Train Loss: 0.336 | Train Acc: 88.40%
	 Val. Loss: 1.772 |  Val. Acc: 57.40%
开始训练
Epoch: 14 | Epoch Time: 26m 37s
	Train Loss: 0.334 | Train Acc: 88.61%
	 Val. Loss: 1.872 |  Val. Acc: 57.27%
开始训练
Epoch: 15 | Epoch Time: 26m 28s
	Train Loss: 0.323 | Train Acc: 89.14%
	 Val. Loss: 2.599 |  Val. Acc: 58.62%
开始训练
Epoch: 16 | Epoch Time: 25m 56s
	Train Loss: 0.321 | Train Acc: 89.05%
	 Val. Loss: 2.027 |  Val. Acc: 54.63%
开始训练
Epoch: 17 | Epoch Time: 26m 4s
	Train Loss: 0.317 | Train Acc: 89.30%
	 Val. Loss: 2.015 |  Val. Acc: 57.02%
开始训练
Epoch: 18 | Epoch Time: 25m 33s
	Train Loss: 0.310 | Train Acc: 89.45%
	 Val. Loss: 1.951 |  Val. Acc: 59.89%
开始训练
Epoch: 19 | Epoch Time: 25m 34s
	Train Loss: 0.306 | Train Acc: 89.66%
	 Val. Loss: 2.086 |  Val. Acc: 56.98%
开始训练
	----存储模型-------
Epoch: 20 | Epoch Time: 25m 18s
	Train Loss: 0.327 | Train Acc: 89.01%
	 Val. Loss: 3.029 |  Val. Acc: 63.15%
训练完成
开始测试-----加载模型
	-----testing-------
	Test Loss: 1.253 | Test Acc: 78.77%
