nohup: ignoring input
开始训练
Epoch: 01 | Epoch Time: 40m 14s
	Train Loss: 1.136 | Train Acc: 65.70%
	 Val. Loss: 1.066 |  Val. Acc: 66.57%
开始训练
Epoch: 02 | Epoch Time: 36m 18s
	Train Loss: 0.847 | Train Acc: 70.95%
	 Val. Loss: 1.127 |  Val. Acc: 66.06%
开始训练
Epoch: 03 | Epoch Time: 36m 4s
	Train Loss: 0.720 | Train Acc: 74.57%
	 Val. Loss: 1.315 |  Val. Acc: 63.03%
开始训练
Epoch: 04 | Epoch Time: 36m 8s
	Train Loss: 0.643 | Train Acc: 77.20%
	 Val. Loss: 1.370 |  Val. Acc: 60.99%
开始训练
Epoch: 05 | Epoch Time: 36m 0s
	Train Loss: 0.590 | Train Acc: 79.17%
	 Val. Loss: 1.553 |  Val. Acc: 56.71%
开始训练
Epoch: 06 | Epoch Time: 36m 6s
	Train Loss: 0.553 | Train Acc: 80.55%
	 Val. Loss: 1.480 |  Val. Acc: 58.39%
开始训练
Epoch: 07 | Epoch Time: 35m 50s
	Train Loss: 0.523 | Train Acc: 81.64%
	 Val. Loss: 1.718 |  Val. Acc: 52.90%
开始训练
Epoch: 08 | Epoch Time: 35m 58s
	Train Loss: 0.501 | Train Acc: 82.42%
	 Val. Loss: 1.987 |  Val. Acc: 61.44%
开始训练
Epoch: 09 | Epoch Time: 36m 12s
	Train Loss: 0.476 | Train Acc: 83.26%
	 Val. Loss: 1.980 |  Val. Acc: 59.47%
开始训练
Epoch: 10 | Epoch Time: 36m 3s
	Train Loss: 0.462 | Train Acc: 83.92%
	 Val. Loss: 1.872 |  Val. Acc: 64.26%
开始训练
Epoch: 11 | Epoch Time: 35m 47s
	Train Loss: 0.450 | Train Acc: 84.42%
	 Val. Loss: 1.861 |  Val. Acc: 63.54%
开始训练
Epoch: 12 | Epoch Time: 35m 52s
	Train Loss: 0.442 | Train Acc: 84.86%
	 Val. Loss: 2.447 |  Val. Acc: 64.69%
开始训练
Epoch: 13 | Epoch Time: 35m 49s
	Train Loss: 0.435 | Train Acc: 85.23%
	 Val. Loss: 1.973 |  Val. Acc: 63.71%
开始训练
Epoch: 14 | Epoch Time: 35m 19s
	Train Loss: 0.422 | Train Acc: 85.48%
	 Val. Loss: 2.816 |  Val. Acc: 63.53%
开始训练
Epoch: 15 | Epoch Time: 34m 47s
	Train Loss: 0.420 | Train Acc: 86.02%
	 Val. Loss: 2.748 |  Val. Acc: 64.03%
开始训练
Epoch: 16 | Epoch Time: 33m 12s
	Train Loss: 0.412 | Train Acc: 86.16%
	 Val. Loss: 2.898 |  Val. Acc: 64.16%
开始训练
Epoch: 17 | Epoch Time: 32m 53s
	Train Loss: 0.412 | Train Acc: 86.22%
	 Val. Loss: 3.481 |  Val. Acc: 63.17%
开始训练
Epoch: 18 | Epoch Time: 32m 51s
	Train Loss: 0.417 | Train Acc: 86.01%
	 Val. Loss: 1.857 |  Val. Acc: 63.67%
开始训练
Epoch: 19 | Epoch Time: 32m 49s
	Train Loss: 0.418 | Train Acc: 85.89%
	 Val. Loss: 3.724 |  Val. Acc: 63.87%
开始训练
	----存储模型-------
Epoch: 20 | Epoch Time: 32m 47s
	Train Loss: 0.418 | Train Acc: 86.11%
	 Val. Loss: 2.881 |  Val. Acc: 63.03%
训练完成
开始测试-----加载模型
	-----testing-------
	Test Loss: 1.146 | Test Acc: 79.42%
