nohup: ignoring input
开始训练
Epoch: 01 | Epoch Time: 34m 58s
	Train Loss: 1.140 | Train Acc: 65.65%
	 Val. Loss: 1.072 |  Val. Acc: 66.24%
开始训练
Epoch: 02 | Epoch Time: 34m 57s
	Train Loss: 0.899 | Train Acc: 69.51%
	 Val. Loss: 1.209 |  Val. Acc: 62.67%
开始训练
Epoch: 03 | Epoch Time: 34m 31s
	Train Loss: 0.764 | Train Acc: 73.26%
	 Val. Loss: 1.383 |  Val. Acc: 62.12%
开始训练
Epoch: 04 | Epoch Time: 33m 31s
	Train Loss: 0.687 | Train Acc: 75.66%
	 Val. Loss: 1.423 |  Val. Acc: 64.96%
开始训练
Epoch: 05 | Epoch Time: 33m 49s
	Train Loss: 0.631 | Train Acc: 77.63%
	 Val. Loss: 1.577 |  Val. Acc: 64.37%
开始训练
Epoch: 06 | Epoch Time: 36m 56s
	Train Loss: 0.587 | Train Acc: 79.41%
	 Val. Loss: 1.608 |  Val. Acc: 64.02%
开始训练
Epoch: 07 | Epoch Time: 38m 20s
	Train Loss: 0.547 | Train Acc: 80.97%
	 Val. Loss: 1.723 |  Val. Acc: 64.16%
开始训练
Epoch: 08 | Epoch Time: 36m 15s
	Train Loss: 0.511 | Train Acc: 82.42%
	 Val. Loss: 1.636 |  Val. Acc: 62.55%
开始训练
Epoch: 09 | Epoch Time: 36m 31s
	Train Loss: 0.497 | Train Acc: 83.18%
	 Val. Loss: 2.176 |  Val. Acc: 61.27%
开始训练
Epoch: 10 | Epoch Time: 36m 51s
	Train Loss: 0.472 | Train Acc: 84.00%
	 Val. Loss: 2.106 |  Val. Acc: 62.26%
开始训练
Epoch: 11 | Epoch Time: 36m 50s
	Train Loss: 0.455 | Train Acc: 84.87%
	 Val. Loss: 2.185 |  Val. Acc: 58.87%
开始训练
Epoch: 12 | Epoch Time: 36m 14s
	Train Loss: 0.441 | Train Acc: 85.22%
	 Val. Loss: 2.809 |  Val. Acc: 63.47%
开始训练
Epoch: 13 | Epoch Time: 36m 8s
	Train Loss: 0.440 | Train Acc: 85.43%
	 Val. Loss: 2.199 |  Val. Acc: 62.74%
开始训练
Epoch: 14 | Epoch Time: 36m 4s
	Train Loss: 0.439 | Train Acc: 85.46%
	 Val. Loss: 2.893 |  Val. Acc: 63.95%
开始训练
Epoch: 15 | Epoch Time: 36m 0s
	Train Loss: 0.436 | Train Acc: 85.55%
	 Val. Loss: 2.458 |  Val. Acc: 63.99%
开始训练
Epoch: 16 | Epoch Time: 36m 17s
	Train Loss: 0.420 | Train Acc: 85.99%
	 Val. Loss: 4.723 |  Val. Acc: 64.03%
开始训练
Epoch: 17 | Epoch Time: 36m 25s
	Train Loss: 0.415 | Train Acc: 86.27%
	 Val. Loss: 4.684 |  Val. Acc: 63.82%
开始训练
Epoch: 18 | Epoch Time: 36m 56s
	Train Loss: 0.403 | Train Acc: 86.66%
	 Val. Loss: 3.737 |  Val. Acc: 63.97%
开始训练
Epoch: 19 | Epoch Time: 36m 27s
	Train Loss: 0.398 | Train Acc: 86.78%
	 Val. Loss: 3.734 |  Val. Acc: 63.94%
开始训练
	----存储模型-------
Epoch: 20 | Epoch Time: 36m 48s
	Train Loss: 0.399 | Train Acc: 86.97%
	 Val. Loss: 2.991 |  Val. Acc: 64.05%
训练完成
开始测试-----加载模型
	-----testing-------
	Test Loss: 1.153 | Test Acc: 80.74%
