nohup: ignoring input
开始训练
	----存储模型-------
Epoch: 01 | Epoch Time: 42m 4s
	Train Loss: 1.181 | Train Acc: 65.10%
	 Val. Loss: 1.092 |  Val. Acc: 66.59%
开始训练
Epoch: 02 | Epoch Time: 33m 50s
	Train Loss: 0.949 | Train Acc: 68.39%
	 Val. Loss: 1.223 |  Val. Acc: 65.02%
开始训练
Epoch: 03 | Epoch Time: 35m 26s
	Train Loss: 0.794 | Train Acc: 72.36%
	 Val. Loss: 1.347 |  Val. Acc: 64.24%
开始训练
Epoch: 04 | Epoch Time: 33m 40s
	Train Loss: 0.701 | Train Acc: 75.47%
	 Val. Loss: 1.338 |  Val. Acc: 61.80%
开始训练
Epoch: 05 | Epoch Time: 33m 48s
	Train Loss: 0.638 | Train Acc: 77.54%
	 Val. Loss: 1.460 |  Val. Acc: 60.01%
开始训练
Epoch: 06 | Epoch Time: 33m 43s
	Train Loss: 0.598 | Train Acc: 79.14%
	 Val. Loss: 1.590 |  Val. Acc: 61.49%
开始训练
Epoch: 07 | Epoch Time: 33m 33s
	Train Loss: 0.560 | Train Acc: 80.73%
	 Val. Loss: 1.805 |  Val. Acc: 62.43%
开始训练
Epoch: 08 | Epoch Time: 33m 29s
	Train Loss: 0.526 | Train Acc: 81.98%
	 Val. Loss: 1.814 |  Val. Acc: 56.24%
开始训练
Epoch: 09 | Epoch Time: 33m 33s
	Train Loss: 0.498 | Train Acc: 83.02%
	 Val. Loss: 4.541 |  Val. Acc: 63.61%
开始训练
Epoch: 10 | Epoch Time: 33m 37s
	Train Loss: 0.472 | Train Acc: 84.18%
	 Val. Loss: 3.075 |  Val. Acc: 62.80%
开始训练
Epoch: 11 | Epoch Time: 33m 14s
	Train Loss: 0.463 | Train Acc: 84.31%
	 Val. Loss: 3.338 |  Val. Acc: 63.53%
开始训练
Epoch: 12 | Epoch Time: 33m 51s
	Train Loss: 0.449 | Train Acc: 84.90%
	 Val. Loss: 5.066 |  Val. Acc: 62.83%
开始训练
Epoch: 13 | Epoch Time: 33m 52s
	Train Loss: 0.434 | Train Acc: 85.37%
	 Val. Loss: 6.825 |  Val. Acc: 64.12%
开始训练
Epoch: 14 | Epoch Time: 34m 57s
	Train Loss: 0.423 | Train Acc: 85.83%
	 Val. Loss: 5.633 |  Val. Acc: 64.82%
开始训练
Epoch: 15 | Epoch Time: 34m 56s
	Train Loss: 0.417 | Train Acc: 86.11%
	 Val. Loss: 5.423 |  Val. Acc: 64.08%
开始训练
Epoch: 16 | Epoch Time: 35m 20s
	Train Loss: 0.410 | Train Acc: 86.49%
	 Val. Loss: 3.747 |  Val. Acc: 64.48%
开始训练
Epoch: 17 | Epoch Time: 35m 2s
	Train Loss: 0.405 | Train Acc: 86.65%
	 Val. Loss: 3.105 |  Val. Acc: 64.53%
开始训练
Epoch: 18 | Epoch Time: 33m 49s
	Train Loss: 0.406 | Train Acc: 86.92%
	 Val. Loss: 3.292 |  Val. Acc: 64.54%
开始训练
Epoch: 19 | Epoch Time: 34m 2s
	Train Loss: 0.388 | Train Acc: 87.28%
	 Val. Loss: 5.283 |  Val. Acc: 63.67%
开始训练
Epoch: 20 | Epoch Time: 39m 51s
	Train Loss: 0.396 | Train Acc: 87.13%
	 Val. Loss: 3.569 |  Val. Acc: 62.88%
训练完成
开始测试-----加载模型
	-----testing-------
	Test Loss: 1.047 | Test Acc: 67.19%
