nohup: ignoring input
model_emojiHasSplit.pt
开始训练
Epoch: 01 | Epoch Time: 0m 0s
	Train Loss: 1.746 | Train Acc: 35.43%
	 Val. Loss: 1.665 |  Val. Acc: 44.44%
开始训练
Epoch: 02 | Epoch Time: 0m 0s
	Train Loss: 1.522 | Train Acc: 37.01%
	 Val. Loss: 1.861 |  Val. Acc: 33.33%
开始训练
Epoch: 03 | Epoch Time: 0m 0s
	Train Loss: 1.214 | Train Acc: 44.09%
	 Val. Loss: 2.025 |  Val. Acc: 38.89%
开始训练
Epoch: 04 | Epoch Time: 0m 0s
	Train Loss: 0.922 | Train Acc: 67.72%
	 Val. Loss: 2.440 |  Val. Acc: 14.81%
开始训练
Epoch: 05 | Epoch Time: 0m 0s
	Train Loss: 0.529 | Train Acc: 81.10%
	 Val. Loss: 2.700 |  Val. Acc: 18.52%
开始训练
Epoch: 06 | Epoch Time: 0m 0s
	Train Loss: 0.399 | Train Acc: 84.25%
	 Val. Loss: 2.880 |  Val. Acc: 22.22%
开始训练
Epoch: 07 | Epoch Time: 0m 0s
	Train Loss: 0.244 | Train Acc: 91.34%
	 Val. Loss: 3.085 |  Val. Acc: 22.22%
开始训练
Epoch: 08 | Epoch Time: 0m 0s
	Train Loss: 0.272 | Train Acc: 89.76%
	 Val. Loss: 3.099 |  Val. Acc: 18.52%
开始训练
Epoch: 09 | Epoch Time: 0m 0s
	Train Loss: 0.215 | Train Acc: 93.70%
	 Val. Loss: 3.853 |  Val. Acc: 14.81%
开始训练
Epoch: 10 | Epoch Time: 0m 0s
	Train Loss: 0.191 | Train Acc: 94.49%
	 Val. Loss: 3.465 |  Val. Acc: 18.52%
开始训练
Epoch: 11 | Epoch Time: 0m 0s
	Train Loss: 0.082 | Train Acc: 97.64%
	 Val. Loss: 3.552 |  Val. Acc: 18.52%
开始训练
Epoch: 12 | Epoch Time: 0m 0s
	Train Loss: 0.089 | Train Acc: 98.43%
	 Val. Loss: 3.301 |  Val. Acc: 22.22%
开始训练
Epoch: 13 | Epoch Time: 0m 0s
	Train Loss: 0.068 | Train Acc: 97.64%
	 Val. Loss: 3.386 |  Val. Acc: 20.37%
开始训练
Epoch: 14 | Epoch Time: 0m 0s
	Train Loss: 0.040 | Train Acc: 97.64%
	 Val. Loss: 3.497 |  Val. Acc: 22.22%
开始训练
Epoch: 15 | Epoch Time: 0m 0s
	Train Loss: 0.029 | Train Acc: 98.43%
	 Val. Loss: 3.578 |  Val. Acc: 20.37%
开始训练
Epoch: 16 | Epoch Time: 0m 0s
	Train Loss: 0.023 | Train Acc: 98.43%
	 Val. Loss: 3.638 |  Val. Acc: 22.22%
开始训练
Epoch: 17 | Epoch Time: 0m 0s
	Train Loss: 0.017 | Train Acc: 99.21%
	 Val. Loss: 3.676 |  Val. Acc: 22.22%
开始训练
Epoch: 18 | Epoch Time: 0m 0s
	Train Loss: 0.011 | Train Acc: 100.00%
	 Val. Loss: 3.705 |  Val. Acc: 20.37%
开始训练
Epoch: 19 | Epoch Time: 0m 0s
	Train Loss: 0.007 | Train Acc: 100.00%
	 Val. Loss: 3.755 |  Val. Acc: 18.52%
开始训练
	----存储模型-------
Epoch: 20 | Epoch Time: 0m 0s
	Train Loss: 0.007 | Train Acc: 100.00%
	 Val. Loss: 3.736 |  Val. Acc: 20.37%
开始测试-----加载模型
	-----testing-------
	Test Loss: 1.121 | Test Acc: 76.24%
