nohup: ignoring input
model_all.pt
开始训练
Epoch: 01 | Epoch Time: 6m 46s
	Train Loss: 1.071 | Train Acc: 66.74%
	 Val. Loss: 0.996 |  Val. Acc: 68.39%
开始训练
Epoch: 02 | Epoch Time: 10m 4s
	Train Loss: 0.697 | Train Acc: 76.50%
	 Val. Loss: 1.166 |  Val. Acc: 66.10%
开始训练
Epoch: 03 | Epoch Time: 15m 34s
	Train Loss: 0.450 | Train Acc: 84.53%
	 Val. Loss: 1.371 |  Val. Acc: 62.40%
开始训练
Epoch: 04 | Epoch Time: 13m 55s
	Train Loss: 0.289 | Train Acc: 90.05%
	 Val. Loss: 1.767 |  Val. Acc: 58.29%
开始训练
Epoch: 05 | Epoch Time: 14m 51s
	Train Loss: 0.191 | Train Acc: 93.25%
	 Val. Loss: 2.079 |  Val. Acc: 58.46%
开始训练
Epoch: 06 | Epoch Time: 14m 25s
	Train Loss: 0.141 | Train Acc: 94.91%
	 Val. Loss: 2.203 |  Val. Acc: 57.98%
开始训练
Epoch: 07 | Epoch Time: 14m 42s
	Train Loss: 0.109 | Train Acc: 95.84%
	 Val. Loss: 2.625 |  Val. Acc: 54.45%
开始训练
Epoch: 08 | Epoch Time: 14m 25s
	Train Loss: 0.084 | Train Acc: 96.65%
	 Val. Loss: 2.599 |  Val. Acc: 58.01%
开始训练
Epoch: 09 | Epoch Time: 14m 50s
	Train Loss: 0.074 | Train Acc: 97.13%
	 Val. Loss: 2.716 |  Val. Acc: 59.81%
开始训练
Epoch: 10 | Epoch Time: 14m 38s
	Train Loss: 0.063 | Train Acc: 97.42%
	 Val. Loss: 2.753 |  Val. Acc: 59.20%
开始训练
Epoch: 11 | Epoch Time: 14m 23s
	Train Loss: 0.057 | Train Acc: 97.67%
	 Val. Loss: 2.644 |  Val. Acc: 59.75%
开始训练
Epoch: 12 | Epoch Time: 14m 31s
	Train Loss: 0.054 | Train Acc: 97.77%
	 Val. Loss: 2.960 |  Val. Acc: 58.78%
开始训练
Epoch: 13 | Epoch Time: 14m 28s
	Train Loss: 0.049 | Train Acc: 97.94%
	 Val. Loss: 2.948 |  Val. Acc: 58.63%
开始训练
Epoch: 14 | Epoch Time: 14m 8s
	Train Loss: 0.048 | Train Acc: 97.93%
	 Val. Loss: 2.987 |  Val. Acc: 58.06%
开始训练
Epoch: 15 | Epoch Time: 14m 56s
	Train Loss: 0.044 | Train Acc: 98.03%
	 Val. Loss: 3.011 |  Val. Acc: 59.98%
开始训练
Epoch: 16 | Epoch Time: 14m 28s
	Train Loss: 0.042 | Train Acc: 98.12%
	 Val. Loss: 3.015 |  Val. Acc: 57.98%
开始训练
Epoch: 17 | Epoch Time: 15m 6s
	Train Loss: 0.040 | Train Acc: 98.15%
	 Val. Loss: 3.349 |  Val. Acc: 59.97%
开始训练
Epoch: 18 | Epoch Time: 12m 0s
	Train Loss: 0.039 | Train Acc: 98.22%
	 Val. Loss: 3.371 |  Val. Acc: 58.97%
开始训练
Epoch: 19 | Epoch Time: 13m 12s
	Train Loss: 0.039 | Train Acc: 98.21%
	 Val. Loss: 3.188 |  Val. Acc: 59.61%
开始训练
	----存储模型-------
Epoch: 20 | Epoch Time: 10m 50s
	Train Loss: 0.036 | Train Acc: 98.27%
	 Val. Loss: 3.328 |  Val. Acc: 60.02%
开始测试-----加载模型
	-----testing-------
	Test Loss: 1.016 | Test Acc: 87.01%
